Arguments: 
  C:\Program Files\nodejs\node.exe C:\Users\Kingdom\AppData\Roaming\npm\node_modules\yarn\bin\yarn.js add web3

PATH: 
  C:\Program Files (x86)\Common Files\Oracle\Java\javapath;C:\Windows\system32;C:\Windows;C:\Windows\System32\Wbem;C:\Windows\System32\WindowsPowerShell\v1.0\;C:\Windows\System32\OpenSSH\;C:\Program Files (x86)\NVIDIA Corporation\PhysX\Common;C:\Program Files\Git\cmd;C:\Program Files (x86)\Microsoft SQL Server\150\Tools\Binn\;C:\Program Files\Microsoft SQL Server\150\Tools\Binn\;C:\Program Files\Microsoft SQL Server\150\DTS\Binn\;C:\Program Files\Java\jdk1.8.0_301;C:\Program Files (x86)\NetSarang\Xftp 7\;C:\Program Files (x86)\NetSarang\Xshell 7\;C:\ProgramData\ComposerSetup\bin;C:\xampp7.3\php;C:\Program Files\PuTTY\;C:\WINDOWS\system32;C:\WINDOWS;C:\WINDOWS\System32\Wbem;C:\WINDOWS\System32\WindowsPowerShell\v1.0\;C:\WINDOWS\System32\OpenSSH\;C:\Users\Kingdom\AppData\Roaming\nvm;C:\Program Files\nodejs;E:\03Tools\00_Spring_boot\spring-3.0.0-SNAPSHOT\bin;E:\03Tools\00_Spring_boot\gradle-7.4.2\bin;E:\03Tools\00_Spring_boot\apache-maven-3.8.5\bin;C:\Users\Kingdom\AppData\Local\Programs\Python\Python39\Scripts\;C:\Users\Kingdom\AppData\Local\Programs\Python\Python39\;C:\Users\Kingdom\AppData\Local\Microsoft\WindowsApps;C:\Users\Kingdom\AppData\Local\Programs\Microsoft VS Code\bin;C:\Users\Kingdom\AppData\Roaming\Composer\vendor\bin;C:\Users\Kingdom\AppData\Roaming\npm;C:\Program Files\heroku\bin;C:\Users\Kingdom\AppData\Roaming\nvm;C:\Program Files\nodejs

Yarn version: 
  1.22.18

Node version: 
  14.17.2

Platform: 
  win32 x64

Trace: 
  Error: https://registry.yarnpkg.com/@material-ui/icons/-/icons-4.11.2.tgz: ESOCKETTIMEDOUT
      at ClientRequest.<anonymous> (C:\Users\Kingdom\AppData\Roaming\npm\node_modules\yarn\lib\cli.js:141510:19)
      at Object.onceWrapper (events.js:481:28)
      at ClientRequest.emit (events.js:375:28)
      at TLSSocket.emitRequestTimeout (_http_client.js:790:9)
      at Object.onceWrapper (events.js:481:28)
      at TLSSocket.emit (events.js:387:35)
      at TLSSocket.Socket._onTimeout (net.js:484:8)
      at listOnTimeout (internal/timers.js:557:17)
      at processTimers (internal/timers.js:500:7)

npm manifest: 
  {
    "name": "mui-navbar-example",
    "version": "1.0.0",
    "description": "",
    "keywords": [],
    "main": "src/index.js",
    "dependencies": {
      "@emotion/react": "11.5.0",
      "@emotion/styled": "11.3.0",
      "@material-ui/core": "4.12.3",
      "@material-ui/icons": "4.11.2",
      "@mui/material": "^5.9.2",
      "@types/jest": "^28.1.6",
      "@types/node": "^18.6.3",
      "@types/react": "^18.0.15",
      "@types/react-dom": "^18.0.6",
      "@types/react-router-dom": "^5.3.3",
      "@usedapp/core": "^1.1.3",
      "@web3-react/injected-connector": "^6.0.7",
      "@web3-react/walletconnect-connector": "^6.2.13",
      "buffer": "^6.0.3",
      "clsx": "^1.2.1",
      "ethers": "^5.6.9",
      "react": "^18.2.0",
      "react-animated-text": "^0.1.4",
      "react-dom": "^18.2.0",
      "react-reveal": "^1.2.2",
      "react-router-dom": "^6.3.0",
      "react-scripts": "^5.0.1",
      "react-spinners": "^0.13.4",
      "react-toastify": "^9.0.7",
      "sass": "^1.54.1"
    },
    "devDependencies": {
      "@babel/runtime": "7.13.8",
      "typescript": "^4.7.4"
    },
    "scripts": {
      "start": "react-scripts start",
      "build": "react-scripts build",
      "test": "react-scripts test --env=jsdom",
      "eject": "react-scripts eject"
    },
    "browserslist": [
      ">0.2%",
      "not dead",
      "not ie <= 11",
      "not op_mini all"
    ]
  }

yarn manifest: 
  No manifest

Lockfile: 
  No lockfile
